<?xml version="1.0" encoding="UTF-8"?>
<testsuite name="EnrollAndPracticeTest"
           tests="2"
           failures="0"
           errors="0"
           skipped="0"
           time="0.645">
  <properties />
  
  
            <testcase name="userShouldClickOnEnrollLink" time="0.236" classname="com.letskodeit.learn.testsuite.EnrollAndPracticeTest" />
                <testcase name="userShouldClickOnPracticeLink" time="0.409" classname="com.letskodeit.learn.testsuite.EnrollAndPracticeTest" />
      
</testsuite>
